  Main.cpp
C:\Users\Kanumuri\Documents\GitHub\VS-Code-Projects\C++ Projects\Raytacing In One Week\Raytacing In One Week\material.h(31,24): error C2440: '<function-style-cast>': cannot convert from 'initializer list' to 'ray'
C:\Users\Kanumuri\Documents\GitHub\VS-Code-Projects\C++ Projects\Raytacing In One Week\Raytacing In One Week\material.h(31,24): message : 'ray::ray': ambiguous call to overloaded function
C:\Users\Kanumuri\Documents\GitHub\VS-Code-Projects\C++ Projects\Raytacing In One Week\Raytacing In One Week\ray.h(12,2): message : could be 'ray::ray(const point3 &,const vec3 &,double)'
C:\Users\Kanumuri\Documents\GitHub\VS-Code-Projects\C++ Projects\Raytacing In One Week\Raytacing In One Week\ray.h(10,2): message : or       'ray::ray(const point3 &,const vec3 &)'
C:\Users\Kanumuri\Documents\GitHub\VS-Code-Projects\C++ Projects\Raytacing In One Week\Raytacing In One Week\material.h(31,24): message : while trying to match the argument list '(const point3, vec3)'
C:\Users\Kanumuri\Documents\GitHub\VS-Code-Projects\C++ Projects\Raytacing In One Week\Raytacing In One Week\material.h(47,24): error C2440: '<function-style-cast>': cannot convert from 'initializer list' to 'ray'
C:\Users\Kanumuri\Documents\GitHub\VS-Code-Projects\C++ Projects\Raytacing In One Week\Raytacing In One Week\material.h(47,24): message : 'ray::ray': ambiguous call to overloaded function
C:\Users\Kanumuri\Documents\GitHub\VS-Code-Projects\C++ Projects\Raytacing In One Week\Raytacing In One Week\ray.h(12,2): message : could be 'ray::ray(const point3 &,const vec3 &,double)'
C:\Users\Kanumuri\Documents\GitHub\VS-Code-Projects\C++ Projects\Raytacing In One Week\Raytacing In One Week\ray.h(10,2): message : or       'ray::ray(const point3 &,const vec3 &)'
C:\Users\Kanumuri\Documents\GitHub\VS-Code-Projects\C++ Projects\Raytacing In One Week\Raytacing In One Week\material.h(47,24): message : while trying to match the argument list '(const point3, vec3)'
C:\Users\Kanumuri\Documents\GitHub\VS-Code-Projects\C++ Projects\Raytacing In One Week\Raytacing In One Week\material.h(79,24): error C2440: '<function-style-cast>': cannot convert from 'initializer list' to 'ray'
C:\Users\Kanumuri\Documents\GitHub\VS-Code-Projects\C++ Projects\Raytacing In One Week\Raytacing In One Week\material.h(79,24): message : 'ray::ray': ambiguous call to overloaded function
C:\Users\Kanumuri\Documents\GitHub\VS-Code-Projects\C++ Projects\Raytacing In One Week\Raytacing In One Week\ray.h(12,2): message : could be 'ray::ray(const point3 &,const vec3 &,double)'
C:\Users\Kanumuri\Documents\GitHub\VS-Code-Projects\C++ Projects\Raytacing In One Week\Raytacing In One Week\ray.h(10,2): message : or       'ray::ray(const point3 &,const vec3 &)'
C:\Users\Kanumuri\Documents\GitHub\VS-Code-Projects\C++ Projects\Raytacing In One Week\Raytacing In One Week\material.h(79,24): message : while trying to match the argument list '(const point3, vec3)'
C:\Users\Kanumuri\Documents\GitHub\VS-Code-Projects\C++ Projects\Raytacing In One Week\Raytacing In One Week\camera.h(108,14): error C2440: '<function-style-cast>': cannot convert from 'initializer list' to 'ray'
C:\Users\Kanumuri\Documents\GitHub\VS-Code-Projects\C++ Projects\Raytacing In One Week\Raytacing In One Week\camera.h(108,14): message : 'ray::ray': ambiguous call to overloaded function
C:\Users\Kanumuri\Documents\GitHub\VS-Code-Projects\C++ Projects\Raytacing In One Week\Raytacing In One Week\ray.h(12,2): message : could be 'ray::ray(const point3 &,const vec3 &,double)'
C:\Users\Kanumuri\Documents\GitHub\VS-Code-Projects\C++ Projects\Raytacing In One Week\Raytacing In One Week\ray.h(10,2): message : or       'ray::ray(const point3 &,const vec3 &)'
C:\Users\Kanumuri\Documents\GitHub\VS-Code-Projects\C++ Projects\Raytacing In One Week\Raytacing In One Week\camera.h(108,14): message : while trying to match the argument list '(point3, vec3)'
