  Main.cpp
C:\Users\Kanumuri\Documents\GitHub\VS-Code-Projects\C++ Projects\Raycaster\Raycaster\Main.cpp(30,20): warning C4244: 'argument': conversion from 'float' to 'GLint', possible loss of data
C:\Users\Kanumuri\Documents\GitHub\VS-Code-Projects\C++ Projects\Raycaster\Raycaster\Main.cpp(30,16): warning C4244: 'argument': conversion from 'float' to 'GLint', possible loss of data
C:\Users\Kanumuri\Documents\GitHub\VS-Code-Projects\C++ Projects\Raycaster\Raycaster\Main.cpp(35,20): warning C4244: 'argument': conversion from 'float' to 'GLint', possible loss of data
C:\Users\Kanumuri\Documents\GitHub\VS-Code-Projects\C++ Projects\Raycaster\Raycaster\Main.cpp(35,16): warning C4244: 'argument': conversion from 'float' to 'GLint', possible loss of data
C:\Users\Kanumuri\Documents\GitHub\VS-Code-Projects\C++ Projects\Raycaster\Raycaster\Main.cpp(36,33): warning C4244: 'argument': conversion from 'float' to 'GLint', possible loss of data
C:\Users\Kanumuri\Documents\GitHub\VS-Code-Projects\C++ Projects\Raycaster\Raycaster\Main.cpp(36,19): warning C4244: 'argument': conversion from 'float' to 'GLint', possible loss of data
C:\Users\Kanumuri\Documents\GitHub\VS-Code-Projects\C++ Projects\Raycaster\Raycaster\Main.cpp(256,21): warning C4244: 'return': conversion from 'long double' to 'float', possible loss of data
C:\Users\Kanumuri\Documents\GitHub\VS-Code-Projects\C++ Projects\Raycaster\Raycaster\Main.cpp(314,40): warning C4244: '=': conversion from 'int' to 'float', possible loss of data
C:\Users\Kanumuri\Documents\GitHub\VS-Code-Projects\C++ Projects\Raycaster\Raycaster\Main.cpp(321,40): warning C4244: '=': conversion from 'double' to 'float', possible loss of data
C:\Users\Kanumuri\Documents\GitHub\VS-Code-Projects\C++ Projects\Raycaster\Raycaster\Main.cpp(357,16): warning C4244: '=': conversion from 'double' to 'float', possible loss of data
C:\Users\Kanumuri\Documents\GitHub\VS-Code-Projects\C++ Projects\Raycaster\Raycaster\Main.cpp(360,40): warning C4244: '=': conversion from 'double' to 'float', possible loss of data
C:\Users\Kanumuri\Documents\GitHub\VS-Code-Projects\C++ Projects\Raycaster\Raycaster\Main.cpp(367,40): warning C4244: '=': conversion from 'int' to 'float', possible loss of data
C:\Users\Kanumuri\Documents\GitHub\VS-Code-Projects\C++ Projects\Raycaster\Raycaster\Main.cpp(399,24): warning C4305: 'argument': truncation from 'double' to 'GLfloat'
C:\Users\Kanumuri\Documents\GitHub\VS-Code-Projects\C++ Projects\Raycaster\Raycaster\Main.cpp(407,26): warning C4305: 'argument': truncation from 'double' to 'GLfloat'
C:\Users\Kanumuri\Documents\GitHub\VS-Code-Projects\C++ Projects\Raycaster\Raycaster\Main.cpp(411,24): warning C4244: 'argument': conversion from 'float' to 'GLint', possible loss of data
C:\Users\Kanumuri\Documents\GitHub\VS-Code-Projects\C++ Projects\Raycaster\Raycaster\Main.cpp(411,20): warning C4244: 'argument': conversion from 'float' to 'GLint', possible loss of data
C:\Users\Kanumuri\Documents\GitHub\VS-Code-Projects\C++ Projects\Raycaster\Raycaster\Main.cpp(412,24): warning C4244: 'argument': conversion from 'float' to 'GLint', possible loss of data
C:\Users\Kanumuri\Documents\GitHub\VS-Code-Projects\C++ Projects\Raycaster\Raycaster\Main.cpp(412,20): warning C4244: 'argument': conversion from 'float' to 'GLint', possible loss of data
C:\Users\Kanumuri\Documents\GitHub\VS-Code-Projects\C++ Projects\Raycaster\Raycaster\Main.cpp(415,16): warning C4244: 'initializing': conversion from 'float' to 'int', possible loss of data
C:\Users\Kanumuri\Documents\GitHub\VS-Code-Projects\C++ Projects\Raycaster\Raycaster\Main.cpp(416,34): warning C4244: 'argument': conversion from 'int' to 'float', possible loss of data
C:\Users\Kanumuri\Documents\GitHub\VS-Code-Projects\C++ Projects\Raycaster\Raycaster\Main.cpp(417,19): warning C4244: 'initializing': conversion from 'float' to 'int', possible loss of data
C:\Users\Kanumuri\Documents\GitHub\VS-Code-Projects\C++ Projects\Raycaster\Raycaster\Main.cpp(418,23): warning C4244: 'initializing': conversion from 'double' to 'float', possible loss of data
C:\Users\Kanumuri\Documents\GitHub\VS-Code-Projects\C++ Projects\Raycaster\Raycaster\Main.cpp(422,36): warning C4244: '=': conversion from 'double' to 'float', possible loss of data
C:\Users\Kanumuri\Documents\GitHub\VS-Code-Projects\C++ Projects\Raycaster\Raycaster\Main.cpp(433,34): warning C4244: '=': conversion from 'int' to 'float', possible loss of data
C:\Users\Kanumuri\Documents\GitHub\VS-Code-Projects\C++ Projects\Raycaster\Raycaster\Main.cpp(439,34): warning C4244: '=': conversion from 'int' to 'float', possible loss of data
C:\Users\Kanumuri\Documents\GitHub\VS-Code-Projects\C++ Projects\Raycaster\Raycaster\Main.cpp(448,41): warning C4244: 'argument': conversion from 'double' to 'GLfloat', possible loss of data
C:\Users\Kanumuri\Documents\GitHub\VS-Code-Projects\C++ Projects\Raycaster\Raycaster\Main.cpp(448,32): warning C4244: 'argument': conversion from 'double' to 'GLfloat', possible loss of data
C:\Users\Kanumuri\Documents\GitHub\VS-Code-Projects\C++ Projects\Raycaster\Raycaster\Main.cpp(450,35): warning C4244: 'argument': conversion from 'double' to 'GLfloat', possible loss of data
C:\Users\Kanumuri\Documents\GitHub\VS-Code-Projects\C++ Projects\Raycaster\Raycaster\Main.cpp(452,38): warning C4244: 'argument': conversion from 'double' to 'GLfloat', possible loss of data
C:\Users\Kanumuri\Documents\GitHub\VS-Code-Projects\C++ Projects\Raycaster\Raycaster\Main.cpp(452,29): warning C4244: 'argument': conversion from 'double' to 'GLfloat', possible loss of data
C:\Users\Kanumuri\Documents\GitHub\VS-Code-Projects\C++ Projects\Raycaster\Raycaster\Main.cpp(454,41): warning C4244: 'argument': conversion from 'double' to 'GLfloat', possible loss of data
C:\Users\Kanumuri\Documents\GitHub\VS-Code-Projects\C++ Projects\Raycaster\Raycaster\Main.cpp(454,29): warning C4244: 'argument': conversion from 'double' to 'GLfloat', possible loss of data
C:\Users\Kanumuri\Documents\GitHub\VS-Code-Projects\C++ Projects\Raycaster\Raycaster\Main.cpp(464,21): warning C4244: 'initializing': conversion from 'double' to 'float', possible loss of data
C:\Users\Kanumuri\Documents\GitHub\VS-Code-Projects\C++ Projects\Raycaster\Raycaster\Main.cpp(468,21): warning C4244: 'initializing': conversion from 'double' to 'float', possible loss of data
C:\Users\Kanumuri\Documents\GitHub\VS-Code-Projects\C++ Projects\Raycaster\Raycaster\Main.cpp(469,31): warning C4244: 'argument': conversion from 'double' to 'GLfloat', possible loss of data
C:\Users\Kanumuri\Documents\GitHub\VS-Code-Projects\C++ Projects\Raycaster\Raycaster\Main.cpp(469,24): warning C4244: 'argument': conversion from 'double' to 'GLfloat', possible loss of data
C:\Users\Kanumuri\Documents\GitHub\VS-Code-Projects\C++ Projects\Raycaster\Raycaster\Main.cpp(476,73): warning C4244: '=': conversion from 'double' to 'float', possible loss of data
C:\Users\Kanumuri\Documents\GitHub\VS-Code-Projects\C++ Projects\Raycaster\Raycaster\Main.cpp(477,38): warning C4244: 'argument': conversion from 'double' to 'GLfloat', possible loss of data
C:\Users\Kanumuri\Documents\GitHub\VS-Code-Projects\C++ Projects\Raycaster\Raycaster\Main.cpp(477,31): warning C4244: 'argument': conversion from 'double' to 'GLfloat', possible loss of data
C:\Users\Kanumuri\Documents\GitHub\VS-Code-Projects\C++ Projects\Raycaster\Raycaster\Main.cpp(477,24): warning C4244: 'argument': conversion from 'double' to 'GLfloat', possible loss of data
C:\Users\Kanumuri\Documents\GitHub\VS-Code-Projects\C++ Projects\Raycaster\Raycaster\Main.cpp(490,21): warning C4244: '=': conversion from 'int' to 'float', possible loss of data
C:\Users\Kanumuri\Documents\GitHub\VS-Code-Projects\C++ Projects\Raycaster\Raycaster\Main.cpp(492,21): warning C4244: '=': conversion from 'int' to 'float', possible loss of data
C:\Users\Kanumuri\Documents\GitHub\VS-Code-Projects\C++ Projects\Raycaster\Raycaster\Main.cpp(496,19): warning C4244: '+=': conversion from 'double' to 'float', possible loss of data
C:\Users\Kanumuri\Documents\GitHub\VS-Code-Projects\C++ Projects\Raycaster\Raycaster\Main.cpp(503,19): warning C4244: '-=': conversion from 'double' to 'float', possible loss of data
C:\Users\Kanumuri\Documents\GitHub\VS-Code-Projects\C++ Projects\Raycaster\Raycaster\Main.cpp(523,13): warning C4244: 'initializing': conversion from 'double' to 'int', possible loss of data
C:\Users\Kanumuri\Documents\GitHub\VS-Code-Projects\C++ Projects\Raycaster\Raycaster\Main.cpp(523,37): warning C4244: 'initializing': conversion from 'double' to 'int', possible loss of data
C:\Users\Kanumuri\Documents\GitHub\VS-Code-Projects\C++ Projects\Raycaster\Raycaster\Main.cpp(523,68): warning C4244: 'initializing': conversion from 'double' to 'int', possible loss of data
C:\Users\Kanumuri\Documents\GitHub\VS-Code-Projects\C++ Projects\Raycaster\Raycaster\Main.cpp(524,13): warning C4244: 'initializing': conversion from 'double' to 'int', possible loss of data
C:\Users\Kanumuri\Documents\GitHub\VS-Code-Projects\C++ Projects\Raycaster\Raycaster\Main.cpp(524,37): warning C4244: 'initializing': conversion from 'double' to 'int', possible loss of data
C:\Users\Kanumuri\Documents\GitHub\VS-Code-Projects\C++ Projects\Raycaster\Raycaster\Main.cpp(524,68): warning C4244: 'initializing': conversion from 'double' to 'int', possible loss of data
C:\Users\Kanumuri\Documents\GitHub\VS-Code-Projects\C++ Projects\Raycaster\Raycaster\Main.cpp(529,29): warning C4244: '+=': conversion from 'double' to 'float', possible loss of data
C:\Users\Kanumuri\Documents\GitHub\VS-Code-Projects\C++ Projects\Raycaster\Raycaster\Main.cpp(531,29): warning C4244: '+=': conversion from 'double' to 'float', possible loss of data
C:\Users\Kanumuri\Documents\GitHub\VS-Code-Projects\C++ Projects\Raycaster\Raycaster\Main.cpp(536,29): warning C4244: '-=': conversion from 'double' to 'float', possible loss of data
C:\Users\Kanumuri\Documents\GitHub\VS-Code-Projects\C++ Projects\Raycaster\Raycaster\Main.cpp(538,29): warning C4244: '-=': conversion from 'double' to 'float', possible loss of data
C:\Users\Kanumuri\Documents\GitHub\VS-Code-Projects\C++ Projects\Raycaster\Raycaster\Main.cpp(572,17): warning C4244: 'initializing': conversion from 'double' to 'int', possible loss of data
C:\Users\Kanumuri\Documents\GitHub\VS-Code-Projects\C++ Projects\Raycaster\Raycaster\Main.cpp(572,41): warning C4244: 'initializing': conversion from 'double' to 'int', possible loss of data
C:\Users\Kanumuri\Documents\GitHub\VS-Code-Projects\C++ Projects\Raycaster\Raycaster\Main.cpp(573,17): warning C4244: 'initializing': conversion from 'double' to 'int', possible loss of data
C:\Users\Kanumuri\Documents\GitHub\VS-Code-Projects\C++ Projects\Raycaster\Raycaster\Main.cpp(573,41): warning C4244: 'initializing': conversion from 'double' to 'int', possible loss of data
C:\Users\Kanumuri\Documents\GitHub\VS-Code-Projects\C++ Projects\Raycaster\Raycaster\Main.cpp(595,28): warning C4305: 'argument': truncation from 'double' to 'GLclampf'
C:\Users\Kanumuri\Documents\GitHub\VS-Code-Projects\C++ Projects\Raycaster\Raycaster\Main.cpp(595,23): warning C4305: 'argument': truncation from 'double' to 'GLclampf'
C:\Users\Kanumuri\Documents\GitHub\VS-Code-Projects\C++ Projects\Raycaster\Raycaster\Main.cpp(595,18): warning C4305: 'argument': truncation from 'double' to 'GLclampf'
  Generating code
  10 of 19 functions (52.6%) were compiled, the rest were copied from previous compilation.
    0 functions were new in current compilation
    0 functions had inline decision re-evaluated but remain unchanged
  Finished generating code
  Raycaster.vcxproj -> C:\Users\Kanumuri\Documents\GitHub\VS-Code-Projects\C++ Projects\Raycaster\x64\Release\Raycaster.exe
  'pwsh.exe' is not recognized as an internal or external command,
  operable program or batch file.
