  olc6502.cpp
olc6502.obj : error LNK2019: unresolved external symbol "public: unsigned char __cdecl olc6502::REL(void)" (?REL@olc6502@@QEAAEXZ) referenced in function "public: __cdecl olc6502::olc6502(void)" (??0olc6502@@QEAA@XZ)
olc6502.obj : error LNK2019: unresolved external symbol "public: unsigned char __cdecl olc6502::ABY(void)" (?ABY@olc6502@@QEAAEXZ) referenced in function "public: __cdecl olc6502::olc6502(void)" (??0olc6502@@QEAA@XZ)
olc6502.obj : error LNK2019: unresolved external symbol "public: unsigned char __cdecl olc6502::IND(void)" (?IND@olc6502@@QEAAEXZ) referenced in function "public: __cdecl olc6502::olc6502(void)" (??0olc6502@@QEAA@XZ)
olc6502.obj : error LNK2019: unresolved external symbol "public: unsigned char __cdecl olc6502::IZX(void)" (?IZX@olc6502@@QEAAEXZ) referenced in function "public: __cdecl olc6502::olc6502(void)" (??0olc6502@@QEAA@XZ)
olc6502.obj : error LNK2019: unresolved external symbol "public: unsigned char __cdecl olc6502::IZY(void)" (?IZY@olc6502@@QEAAEXZ) referenced in function "public: __cdecl olc6502::olc6502(void)" (??0olc6502@@QEAA@XZ)
olc6502.obj : error LNK2019: unresolved external symbol "public: unsigned char __cdecl olc6502::ADC(void)" (?ADC@olc6502@@QEAAEXZ) referenced in function "public: __cdecl olc6502::olc6502(void)" (??0olc6502@@QEAA@XZ)
olc6502.obj : error LNK2019: unresolved external symbol "public: unsigned char __cdecl olc6502::AND(void)" (?AND@olc6502@@QEAAEXZ) referenced in function "public: __cdecl olc6502::olc6502(void)" (??0olc6502@@QEAA@XZ)
olc6502.obj : error LNK2019: unresolved external symbol "public: unsigned char __cdecl olc6502::ASL(void)" (?ASL@olc6502@@QEAAEXZ) referenced in function "public: __cdecl olc6502::olc6502(void)" (??0olc6502@@QEAA@XZ)
olc6502.obj : error LNK2019: unresolved external symbol "public: unsigned char __cdecl olc6502::BCC(void)" (?BCC@olc6502@@QEAAEXZ) referenced in function "public: __cdecl olc6502::olc6502(void)" (??0olc6502@@QEAA@XZ)
olc6502.obj : error LNK2019: unresolved external symbol "public: unsigned char __cdecl olc6502::BCS(void)" (?BCS@olc6502@@QEAAEXZ) referenced in function "public: __cdecl olc6502::olc6502(void)" (??0olc6502@@QEAA@XZ)
olc6502.obj : error LNK2019: unresolved external symbol "public: unsigned char __cdecl olc6502::BEQ(void)" (?BEQ@olc6502@@QEAAEXZ) referenced in function "public: __cdecl olc6502::olc6502(void)" (??0olc6502@@QEAA@XZ)
olc6502.obj : error LNK2019: unresolved external symbol "public: unsigned char __cdecl olc6502::BIT(void)" (?BIT@olc6502@@QEAAEXZ) referenced in function "public: __cdecl olc6502::olc6502(void)" (??0olc6502@@QEAA@XZ)
olc6502.obj : error LNK2019: unresolved external symbol "public: unsigned char __cdecl olc6502::BMI(void)" (?BMI@olc6502@@QEAAEXZ) referenced in function "public: __cdecl olc6502::olc6502(void)" (??0olc6502@@QEAA@XZ)
olc6502.obj : error LNK2019: unresolved external symbol "public: unsigned char __cdecl olc6502::BNE(void)" (?BNE@olc6502@@QEAAEXZ) referenced in function "public: __cdecl olc6502::olc6502(void)" (??0olc6502@@QEAA@XZ)
olc6502.obj : error LNK2019: unresolved external symbol "public: unsigned char __cdecl olc6502::BPL(void)" (?BPL@olc6502@@QEAAEXZ) referenced in function "public: __cdecl olc6502::olc6502(void)" (??0olc6502@@QEAA@XZ)
olc6502.obj : error LNK2019: unresolved external symbol "public: unsigned char __cdecl olc6502::BRK(void)" (?BRK@olc6502@@QEAAEXZ) referenced in function "public: __cdecl olc6502::olc6502(void)" (??0olc6502@@QEAA@XZ)
olc6502.obj : error LNK2019: unresolved external symbol "public: unsigned char __cdecl olc6502::BVC(void)" (?BVC@olc6502@@QEAAEXZ) referenced in function "public: __cdecl olc6502::olc6502(void)" (??0olc6502@@QEAA@XZ)
olc6502.obj : error LNK2019: unresolved external symbol "public: unsigned char __cdecl olc6502::BVS(void)" (?BVS@olc6502@@QEAAEXZ) referenced in function "public: __cdecl olc6502::olc6502(void)" (??0olc6502@@QEAA@XZ)
olc6502.obj : error LNK2019: unresolved external symbol "public: unsigned char __cdecl olc6502::CLC(void)" (?CLC@olc6502@@QEAAEXZ) referenced in function "public: __cdecl olc6502::olc6502(void)" (??0olc6502@@QEAA@XZ)
olc6502.obj : error LNK2019: unresolved external symbol "public: unsigned char __cdecl olc6502::CLD(void)" (?CLD@olc6502@@QEAAEXZ) referenced in function "public: __cdecl olc6502::olc6502(void)" (??0olc6502@@QEAA@XZ)
olc6502.obj : error LNK2019: unresolved external symbol "public: unsigned char __cdecl olc6502::CLI(void)" (?CLI@olc6502@@QEAAEXZ) referenced in function "public: __cdecl olc6502::olc6502(void)" (??0olc6502@@QEAA@XZ)
olc6502.obj : error LNK2019: unresolved external symbol "public: unsigned char __cdecl olc6502::CLV(void)" (?CLV@olc6502@@QEAAEXZ) referenced in function "public: __cdecl olc6502::olc6502(void)" (??0olc6502@@QEAA@XZ)
olc6502.obj : error LNK2019: unresolved external symbol "public: unsigned char __cdecl olc6502::CMP(void)" (?CMP@olc6502@@QEAAEXZ) referenced in function "public: __cdecl olc6502::olc6502(void)" (??0olc6502@@QEAA@XZ)
olc6502.obj : error LNK2019: unresolved external symbol "public: unsigned char __cdecl olc6502::CPX(void)" (?CPX@olc6502@@QEAAEXZ) referenced in function "public: __cdecl olc6502::olc6502(void)" (??0olc6502@@QEAA@XZ)
olc6502.obj : error LNK2019: unresolved external symbol "public: unsigned char __cdecl olc6502::CPY(void)" (?CPY@olc6502@@QEAAEXZ) referenced in function "public: __cdecl olc6502::olc6502(void)" (??0olc6502@@QEAA@XZ)
olc6502.obj : error LNK2019: unresolved external symbol "public: unsigned char __cdecl olc6502::DEC(void)" (?DEC@olc6502@@QEAAEXZ) referenced in function "public: __cdecl olc6502::olc6502(void)" (??0olc6502@@QEAA@XZ)
olc6502.obj : error LNK2019: unresolved external symbol "public: unsigned char __cdecl olc6502::DEX(void)" (?DEX@olc6502@@QEAAEXZ) referenced in function "public: __cdecl olc6502::olc6502(void)" (??0olc6502@@QEAA@XZ)
olc6502.obj : error LNK2019: unresolved external symbol "public: unsigned char __cdecl olc6502::DEY(void)" (?DEY@olc6502@@QEAAEXZ) referenced in function "public: __cdecl olc6502::olc6502(void)" (??0olc6502@@QEAA@XZ)
olc6502.obj : error LNK2019: unresolved external symbol "public: unsigned char __cdecl olc6502::EOR(void)" (?EOR@olc6502@@QEAAEXZ) referenced in function "public: __cdecl olc6502::olc6502(void)" (??0olc6502@@QEAA@XZ)
olc6502.obj : error LNK2019: unresolved external symbol "public: unsigned char __cdecl olc6502::INC(void)" (?INC@olc6502@@QEAAEXZ) referenced in function "public: __cdecl olc6502::olc6502(void)" (??0olc6502@@QEAA@XZ)
olc6502.obj : error LNK2019: unresolved external symbol "public: unsigned char __cdecl olc6502::INX(void)" (?INX@olc6502@@QEAAEXZ) referenced in function "public: __cdecl olc6502::olc6502(void)" (??0olc6502@@QEAA@XZ)
olc6502.obj : error LNK2019: unresolved external symbol "public: unsigned char __cdecl olc6502::INY(void)" (?INY@olc6502@@QEAAEXZ) referenced in function "public: __cdecl olc6502::olc6502(void)" (??0olc6502@@QEAA@XZ)
olc6502.obj : error LNK2019: unresolved external symbol "public: unsigned char __cdecl olc6502::JMP(void)" (?JMP@olc6502@@QEAAEXZ) referenced in function "public: __cdecl olc6502::olc6502(void)" (??0olc6502@@QEAA@XZ)
olc6502.obj : error LNK2019: unresolved external symbol "public: unsigned char __cdecl olc6502::JSR(void)" (?JSR@olc6502@@QEAAEXZ) referenced in function "public: __cdecl olc6502::olc6502(void)" (??0olc6502@@QEAA@XZ)
olc6502.obj : error LNK2019: unresolved external symbol "public: unsigned char __cdecl olc6502::LDA(void)" (?LDA@olc6502@@QEAAEXZ) referenced in function "public: __cdecl olc6502::olc6502(void)" (??0olc6502@@QEAA@XZ)
olc6502.obj : error LNK2019: unresolved external symbol "public: unsigned char __cdecl olc6502::LDX(void)" (?LDX@olc6502@@QEAAEXZ) referenced in function "public: __cdecl olc6502::olc6502(void)" (??0olc6502@@QEAA@XZ)
olc6502.obj : error LNK2019: unresolved external symbol "public: unsigned char __cdecl olc6502::LDY(void)" (?LDY@olc6502@@QEAAEXZ) referenced in function "public: __cdecl olc6502::olc6502(void)" (??0olc6502@@QEAA@XZ)
olc6502.obj : error LNK2019: unresolved external symbol "public: unsigned char __cdecl olc6502::LSR(void)" (?LSR@olc6502@@QEAAEXZ) referenced in function "public: __cdecl olc6502::olc6502(void)" (??0olc6502@@QEAA@XZ)
olc6502.obj : error LNK2019: unresolved external symbol "public: unsigned char __cdecl olc6502::NOP(void)" (?NOP@olc6502@@QEAAEXZ) referenced in function "public: __cdecl olc6502::olc6502(void)" (??0olc6502@@QEAA@XZ)
olc6502.obj : error LNK2019: unresolved external symbol "public: unsigned char __cdecl olc6502::ORA(void)" (?ORA@olc6502@@QEAAEXZ) referenced in function "public: __cdecl olc6502::olc6502(void)" (??0olc6502@@QEAA@XZ)
olc6502.obj : error LNK2019: unresolved external symbol "public: unsigned char __cdecl olc6502::PHA(void)" (?PHA@olc6502@@QEAAEXZ) referenced in function "public: __cdecl olc6502::olc6502(void)" (??0olc6502@@QEAA@XZ)
olc6502.obj : error LNK2019: unresolved external symbol "public: unsigned char __cdecl olc6502::PHP(void)" (?PHP@olc6502@@QEAAEXZ) referenced in function "public: __cdecl olc6502::olc6502(void)" (??0olc6502@@QEAA@XZ)
olc6502.obj : error LNK2019: unresolved external symbol "public: unsigned char __cdecl olc6502::PLA(void)" (?PLA@olc6502@@QEAAEXZ) referenced in function "public: __cdecl olc6502::olc6502(void)" (??0olc6502@@QEAA@XZ)
olc6502.obj : error LNK2019: unresolved external symbol "public: unsigned char __cdecl olc6502::PLP(void)" (?PLP@olc6502@@QEAAEXZ) referenced in function "public: __cdecl olc6502::olc6502(void)" (??0olc6502@@QEAA@XZ)
olc6502.obj : error LNK2019: unresolved external symbol "public: unsigned char __cdecl olc6502::ROL(void)" (?ROL@olc6502@@QEAAEXZ) referenced in function "public: __cdecl olc6502::olc6502(void)" (??0olc6502@@QEAA@XZ)
olc6502.obj : error LNK2019: unresolved external symbol "public: unsigned char __cdecl olc6502::ROR(void)" (?ROR@olc6502@@QEAAEXZ) referenced in function "public: __cdecl olc6502::olc6502(void)" (??0olc6502@@QEAA@XZ)
olc6502.obj : error LNK2019: unresolved external symbol "public: unsigned char __cdecl olc6502::RTI(void)" (?RTI@olc6502@@QEAAEXZ) referenced in function "public: __cdecl olc6502::olc6502(void)" (??0olc6502@@QEAA@XZ)
olc6502.obj : error LNK2019: unresolved external symbol "public: unsigned char __cdecl olc6502::RTS(void)" (?RTS@olc6502@@QEAAEXZ) referenced in function "public: __cdecl olc6502::olc6502(void)" (??0olc6502@@QEAA@XZ)
olc6502.obj : error LNK2019: unresolved external symbol "public: unsigned char __cdecl olc6502::SBC(void)" (?SBC@olc6502@@QEAAEXZ) referenced in function "public: __cdecl olc6502::olc6502(void)" (??0olc6502@@QEAA@XZ)
olc6502.obj : error LNK2019: unresolved external symbol "public: unsigned char __cdecl olc6502::SEC(void)" (?SEC@olc6502@@QEAAEXZ) referenced in function "public: __cdecl olc6502::olc6502(void)" (??0olc6502@@QEAA@XZ)
olc6502.obj : error LNK2019: unresolved external symbol "public: unsigned char __cdecl olc6502::SED(void)" (?SED@olc6502@@QEAAEXZ) referenced in function "public: __cdecl olc6502::olc6502(void)" (??0olc6502@@QEAA@XZ)
olc6502.obj : error LNK2019: unresolved external symbol "public: unsigned char __cdecl olc6502::SEI(void)" (?SEI@olc6502@@QEAAEXZ) referenced in function "public: __cdecl olc6502::olc6502(void)" (??0olc6502@@QEAA@XZ)
olc6502.obj : error LNK2019: unresolved external symbol "public: unsigned char __cdecl olc6502::STA(void)" (?STA@olc6502@@QEAAEXZ) referenced in function "public: __cdecl olc6502::olc6502(void)" (??0olc6502@@QEAA@XZ)
olc6502.obj : error LNK2019: unresolved external symbol "public: unsigned char __cdecl olc6502::STX(void)" (?STX@olc6502@@QEAAEXZ) referenced in function "public: __cdecl olc6502::olc6502(void)" (??0olc6502@@QEAA@XZ)
olc6502.obj : error LNK2019: unresolved external symbol "public: unsigned char __cdecl olc6502::STY(void)" (?STY@olc6502@@QEAAEXZ) referenced in function "public: __cdecl olc6502::olc6502(void)" (??0olc6502@@QEAA@XZ)
olc6502.obj : error LNK2019: unresolved external symbol "public: unsigned char __cdecl olc6502::TAX(void)" (?TAX@olc6502@@QEAAEXZ) referenced in function "public: __cdecl olc6502::olc6502(void)" (??0olc6502@@QEAA@XZ)
olc6502.obj : error LNK2019: unresolved external symbol "public: unsigned char __cdecl olc6502::TAY(void)" (?TAY@olc6502@@QEAAEXZ) referenced in function "public: __cdecl olc6502::olc6502(void)" (??0olc6502@@QEAA@XZ)
olc6502.obj : error LNK2019: unresolved external symbol "public: unsigned char __cdecl olc6502::TSX(void)" (?TSX@olc6502@@QEAAEXZ) referenced in function "public: __cdecl olc6502::olc6502(void)" (??0olc6502@@QEAA@XZ)
olc6502.obj : error LNK2019: unresolved external symbol "public: unsigned char __cdecl olc6502::TXA(void)" (?TXA@olc6502@@QEAAEXZ) referenced in function "public: __cdecl olc6502::olc6502(void)" (??0olc6502@@QEAA@XZ)
olc6502.obj : error LNK2019: unresolved external symbol "public: unsigned char __cdecl olc6502::TXS(void)" (?TXS@olc6502@@QEAAEXZ) referenced in function "public: __cdecl olc6502::olc6502(void)" (??0olc6502@@QEAA@XZ)
olc6502.obj : error LNK2019: unresolved external symbol "public: unsigned char __cdecl olc6502::TYA(void)" (?TYA@olc6502@@QEAAEXZ) referenced in function "public: __cdecl olc6502::olc6502(void)" (??0olc6502@@QEAA@XZ)
olc6502.obj : error LNK2019: unresolved external symbol "public: unsigned char __cdecl olc6502::XXX(void)" (?XXX@olc6502@@QEAAEXZ) referenced in function "public: __cdecl olc6502::olc6502(void)" (??0olc6502@@QEAA@XZ)
C:\Users\Kanumuri\Documents\GitHub\VS-Code-Projects\C++ Projects\Emulators\NES\NES\x64\Debug\NES.exe : fatal error LNK1120: 62 unresolved externals
